2019-03-29 10:50:16.012  INFO 3084 --- [main] com.enter.repair2.Repair2Application     : Starting Repair2Application on DESKTOP-HP47L6V with PID 3084 (D:\ideaWorkPlace\repair2\target\classes started by GR in D:\ideaWorkPlace\repair2)
2019-03-29 10:50:16.014  INFO 3084 --- [main] com.enter.repair2.Repair2Application     : No active profile set, falling back to default profiles: default
2019-03-29 10:50:16.070  INFO 3084 --- [main] ationConfigEmbeddedWebApplicationContext : Refreshing org.springframework.boot.context.embedded.AnnotationConfigEmbeddedWebApplicationContext@45752059: startup date [Fri Mar 29 10:50:16 CST 2019]; root of context hierarchy
2019-03-29 10:50:16.732  INFO 3084 --- [main] .s.d.r.c.RepositoryConfigurationDelegate : Multiple Spring Data modules found, entering strict repository configuration mode!
2019-03-29 10:50:17.276  INFO 3084 --- [main] trationDelegate$BeanPostProcessorChecker : Bean 'org.springframework.transaction.annotation.ProxyTransactionManagementConfiguration' of type [org.springframework.transaction.annotation.ProxyTransactionManagementConfiguration$$EnhancerBySpringCGLIB$$6ba230b9] is not eligible for getting processed by all BeanPostProcessors (for example: not eligible for auto-proxying)
2019-03-29 10:50:17.731  INFO 3084 --- [main] s.b.c.e.t.TomcatEmbeddedServletContainer : Tomcat initialized with port(s): 7077 (http)
2019-03-29 10:50:17.759  INFO 3084 --- [main] o.apache.catalina.core.StandardService   : Starting service [Tomcat]
2019-03-29 10:50:17.759  INFO 3084 --- [main] org.apache.catalina.core.StandardEngine  : Starting Servlet Engine: Apache Tomcat/8.5.34
2019-03-29 10:50:17.910  INFO 3084 --- [localhost-startStop-1] o.a.c.c.C.[Tomcat].[localhost].[/enter]  : Initializing Spring embedded WebApplicationContext
2019-03-29 10:50:17.911  INFO 3084 --- [localhost-startStop-1] o.s.web.context.ContextLoader            : Root WebApplicationContext: initialization completed in 1845 ms
2019-03-29 10:50:18.133  INFO 3084 --- [localhost-startStop-1] o.s.b.w.servlet.ServletRegistrationBean  : Mapping servlet: 'statViewServlet' to [/druid/*]
2019-03-29 10:50:18.134  INFO 3084 --- [localhost-startStop-1] o.s.b.w.servlet.ServletRegistrationBean  : Mapping servlet: 'dispatcherServlet' to [/]
2019-03-29 10:50:18.137  INFO 3084 --- [localhost-startStop-1] o.s.b.w.servlet.FilterRegistrationBean   : Mapping filter: 'characterEncodingFilter' to: [/*]
2019-03-29 10:50:18.137  INFO 3084 --- [localhost-startStop-1] o.s.b.w.servlet.FilterRegistrationBean   : Mapping filter: 'hiddenHttpMethodFilter' to: [/*]
2019-03-29 10:50:18.137  INFO 3084 --- [localhost-startStop-1] o.s.b.w.servlet.FilterRegistrationBean   : Mapping filter: 'httpPutFormContentFilter' to: [/*]
2019-03-29 10:50:18.137  INFO 3084 --- [localhost-startStop-1] o.s.b.w.servlet.FilterRegistrationBean   : Mapping filter: 'requestContextFilter' to: [/*]
2019-03-29 10:50:18.138  INFO 3084 --- [localhost-startStop-1] o.s.b.w.servlet.FilterRegistrationBean   : Mapping filter: 'webStatFilter' to urls: [/*]
2019-03-29 10:50:24.780  INFO 3084 --- [main] com.alibaba.druid.pool.DruidDataSource   : {dataSource-1} inited
2019-03-29 10:50:25.516  INFO 3084 --- [main] s.w.s.m.m.a.RequestMappingHandlerAdapter : Looking for @ControllerAdvice: org.springframework.boot.context.embedded.AnnotationConfigEmbeddedWebApplicationContext@45752059: startup date [Fri Mar 29 10:50:16 CST 2019]; root of context hierarchy
2019-03-29 10:50:25.528  INFO 3084 --- [main] s.w.s.m.m.a.RequestMappingHandlerAdapter : Detected @InitBinder methods in springControllerAdvice
2019-03-29 10:50:25.569  INFO 3084 --- [main] s.w.s.m.m.a.RequestMappingHandlerMapping : Mapped "{[/getAllDeviceType],methods=[GET]}" onto public com.enter.repair2.result.ResultBean com.enter.repair2.controller.DeviceController.getAllDeviceType()
2019-03-29 10:50:25.570  INFO 3084 --- [main] s.w.s.m.m.a.RequestMappingHandlerMapping : Mapped "{[/settings],methods=[GET]}" onto public com.enter.repair2.result.ResultBean com.enter.repair2.controller.DynamicConfigurationController.setMangerPublicOpenId()
2019-03-29 10:50:25.573  INFO 3084 --- [main] s.w.s.m.m.a.RequestMappingHandlerMapping : Mapped "{[/addFeedback],methods=[POST]}" onto public com.enter.repair2.result.ResultBean com.enter.repair2.controller.FeedbackController.addFeedback(com.enter.repair2.DTO.FeedbackDTO,org.springframework.validation.BindingResult) throws java.lang.Exception
2019-03-29 10:50:25.573  INFO 3084 --- [main] s.w.s.m.m.a.RequestMappingHandlerMapping : Mapped "{[/getFeedback],methods=[GET]}" onto public com.enter.repair2.result.ResultBean com.enter.repair2.controller.FeedbackController.getFeedback()
2019-03-29 10:50:25.574  INFO 3084 --- [main] s.w.s.m.m.a.RequestMappingHandlerMapping : Mapped "{[/uploadToAdvertisement],methods=[POST]}" onto public com.enter.repair2.result.ResultBean com.enter.repair2.controller.FileController.uploadToAdvertisement(javax.servlet.http.HttpServletRequest,org.springframework.web.multipart.MultipartFile) throws java.lang.Exception
2019-03-29 10:50:25.574  INFO 3084 --- [main] s.w.s.m.m.a.RequestMappingHandlerMapping : Mapped "{[/uploadToFeedback],methods=[POST]}" onto public com.enter.repair2.result.ResultBean com.enter.repair2.controller.FileController.uploadToFeedback(javax.servlet.http.HttpServletRequest,org.springframework.web.multipart.MultipartFile) throws java.lang.Exception
2019-03-29 10:50:25.574  INFO 3084 --- [main] s.w.s.m.m.a.RequestMappingHandlerMapping : Mapped "{[/uploadToOrder],methods=[POST]}" onto public com.enter.repair2.result.ResultBean com.enter.repair2.controller.FileController.uploadToFault(javax.servlet.http.HttpServletRequest,org.springframework.web.multipart.MultipartFile) throws java.lang.Exception
2019-03-29 10:50:25.575  INFO 3084 --- [main] s.w.s.m.m.a.RequestMappingHandlerMapping : Mapped "{[/downloadFile],methods=[POST]}" onto public org.springframework.http.ResponseEntity<byte[]> com.enter.repair2.controller.FileController.downloadFile(com.enter.repair2.DTO.DownloadFileDTO,javax.servlet.http.HttpServletRequest) throws java.lang.Exception
2019-03-29 10:50:25.575  INFO 3084 --- [main] s.w.s.m.m.a.RequestMappingHandlerMapping : Mapped "{[/addOrder],methods=[POST]}" onto public com.enter.repair2.result.ResultBean com.enter.repair2.controller.OrderController.addOrder(com.enter.repair2.DTO.OrderDTO,org.springframework.validation.BindingResult) throws java.lang.Exception
2019-03-29 10:50:25.576  INFO 3084 --- [main] s.w.s.m.m.a.RequestMappingHandlerMapping : Mapped "{[/getAllOrderInfo],methods=[GET]}" onto public com.enter.repair2.result.ResultBean com.enter.repair2.controller.OrderController.getAllOrderInfo()
2019-03-29 10:50:25.576  INFO 3084 --- [main] s.w.s.m.m.a.RequestMappingHandlerMapping : Mapped "{[/getOrderTime],methods=[GET]}" onto public com.enter.repair2.result.ResultBean com.enter.repair2.controller.OrderTimeController.getOrderTime() throws com.enter.repair2.exception.CheckedException
2019-03-29 10:50:25.577  INFO 3084 --- [main] s.w.s.m.m.a.RequestMappingHandlerMapping : Mapped "{[/login],methods=[POST]}" onto public com.enter.repair2.result.ResultBean com.enter.repair2.controller.UserController.login(com.enter.repair2.DTO.WeChatLoginDTO,org.springframework.validation.BindingResult) throws java.lang.Exception
2019-03-29 10:50:25.579  INFO 3084 --- [main] s.w.s.m.m.a.RequestMappingHandlerMapping : Mapped "{[/updateUserInfo],methods=[PUT]}" onto public com.enter.repair2.result.ResultBean com.enter.repair2.controller.UserInfoController.updateUserInfo(com.enter.repair2.DTO.UserInfoDTO) throws com.enter.repair2.exception.CheckedException
2019-03-29 10:50:25.579  INFO 3084 --- [main] s.w.s.m.m.a.RequestMappingHandlerMapping : Mapped "{[/deleteUserInfo],methods=[DELETE]}" onto public com.enter.repair2.result.ResultBean com.enter.repair2.controller.UserInfoController.deleteUserInfo(com.enter.repair2.DTO.UserInfoDTO)
2019-03-29 10:50:25.580  INFO 3084 --- [main] s.w.s.m.m.a.RequestMappingHandlerMapping : Mapped "{[/addUserInfo],methods=[POST]}" onto public com.enter.repair2.result.ResultBean com.enter.repair2.controller.UserInfoController.addUserInfo(com.enter.repair2.DTO.UserInfoDTO) throws com.enter.repair2.exception.CheckedException
2019-03-29 10:50:25.580  INFO 3084 --- [main] s.w.s.m.m.a.RequestMappingHandlerMapping : Mapped "{[/getUserInfoByUserId],methods=[GET]}" onto public com.enter.repair2.result.ResultBean com.enter.repair2.controller.UserInfoController.getUserInfoByUserId(com.enter.repair2.DTO.UserInfoDTO)
2019-03-29 10:50:25.580  INFO 3084 --- [main] s.w.s.m.m.a.RequestMappingHandlerMapping : Mapped "{[/verifyURL],methods=[POST]}" onto public java.util.Map<java.lang.String, java.lang.String> com.enter.repair2.controller.WeChatPublicController.parseXml(javax.servlet.http.HttpServletRequest) throws java.lang.Exception
2019-03-29 10:50:25.581  INFO 3084 --- [main] s.w.s.m.m.a.RequestMappingHandlerMapping : Mapped "{[/welcome],methods=[GET]}" onto public java.lang.String com.enter.repair2.controller.WelcomeController.welcome()
2019-03-29 10:50:25.583  INFO 3084 --- [main] s.w.s.m.m.a.RequestMappingHandlerMapping : Mapped "{[/error]}" onto public org.springframework.http.ResponseEntity<java.util.Map<java.lang.String, java.lang.Object>> org.springframework.boot.autoconfigure.web.BasicErrorController.error(javax.servlet.http.HttpServletRequest)
2019-03-29 10:50:25.583  INFO 3084 --- [main] s.w.s.m.m.a.RequestMappingHandlerMapping : Mapped "{[/error],produces=[text/html]}" onto public org.springframework.web.servlet.ModelAndView org.springframework.boot.autoconfigure.web.BasicErrorController.errorHtml(javax.servlet.http.HttpServletRequest,javax.servlet.http.HttpServletResponse)
2019-03-29 10:50:25.620  INFO 3084 --- [main] o.s.w.s.handler.SimpleUrlHandlerMapping  : Mapped URL path [/webjars/**] onto handler of type [class org.springframework.web.servlet.resource.ResourceHttpRequestHandler]
2019-03-29 10:50:25.620  INFO 3084 --- [main] o.s.w.s.handler.SimpleUrlHandlerMapping  : Mapped URL path [/**] onto handler of type [class org.springframework.web.servlet.resource.ResourceHttpRequestHandler]
2019-03-29 10:50:25.656  INFO 3084 --- [main] o.s.w.s.handler.SimpleUrlHandlerMapping  : Mapped URL path [/**/favicon.ico] onto handler of type [class org.springframework.web.servlet.resource.ResourceHttpRequestHandler]
2019-03-29 10:50:25.983  INFO 3084 --- [main] t.m.m.autoconfigure.MapperCacheDisabler  : Clear tk.mybatis.mapper.util.MsUtil CLASS_CACHE cache.
2019-03-29 10:50:25.984  INFO 3084 --- [main] t.m.m.autoconfigure.MapperCacheDisabler  : Clear tk.mybatis.mapper.genid.GenIdUtil CACHE cache.
2019-03-29 10:50:25.985  INFO 3084 --- [main] t.m.m.autoconfigure.MapperCacheDisabler  : Clear EntityHelper entityTableMap cache.
2019-03-29 10:50:26.113  INFO 3084 --- [main] o.s.j.e.a.AnnotationMBeanExporter        : Registering beans for JMX exposure on startup
2019-03-29 10:50:26.114  INFO 3084 --- [main] o.s.j.e.a.AnnotationMBeanExporter        : Bean with name 'druid' has been autodetected for JMX exposure
2019-03-29 10:50:26.120  INFO 3084 --- [main] o.s.j.e.a.AnnotationMBeanExporter        : Located MBean 'druid': registering with JMX server as MBean [com.alibaba.druid.pool:name=druid,type=DruidDataSource]
2019-03-29 10:50:26.148  INFO 3084 --- [main] s.b.c.e.t.TomcatEmbeddedServletContainer : Tomcat started on port(s): 7077 (http)
2019-03-29 10:50:26.152  INFO 3084 --- [main] com.enter.repair2.Repair2Application     : Started Repair2Application in 10.486 seconds (JVM running for 11.463)
2019-03-29 10:50:27.486  INFO 3084 --- [example-schedule-pool-1] com.enter.repair2.thread.TokenTimer      : 获取access_token成功，有效时长7200秒 token:SEfUoFfdrpiPMYU-Z5wfs_a5F3GSdb4fPysuVNY2FdRPbAGH8sHm1rxwih-vh5qk0hQA1NIGv2I5k3TMUV_L_vf3QJU9zG0eAQ1HrrEiTcRuGk_1n0b2IAHWKCDcZCPDfAPGjUsj8dqW8Qvjhmxt-MeS8U4Vi7DARVWtvps1SJwmWmGW7aHZK7NPcJbKo63NP-9NerKxKLu7qBeyfz_68g
